<?xml version="1.0" encoding="UTF-8"?>
<testsuite xmlns:xsi="http://www.w3.org/2001/XMLSchema-instance" xsi:schemaLocation="https://maven.apache.org/surefire/maven-surefire-plugin/xsd/surefire-test-report.xsd" name="RunnerTest" time="98.889" tests="21" errors="0" skipped="0" failures="0">
  <properties>
[...]
</properties>
  <testcase name="Дано открываем сайт yandex.ru" classname="Сценарий: Поиск ноутбука" time="0.003"/>
  <testcase name="Тогда выбираем пункт меню" classname="Сценарий: Поиск ноутбука" time="0"/>
  <testcase name="Тогда в поле с ценой до вводим значение &quot;30000&quot;" classname="Сценарий: Поиск ноутбука" time="0"/>
  <testcase name="И в блоке Производитель выбираем чекбоксы" classname="Сценарий: Поиск ноутбука" time="0"/>
  <testcase name="И нажимаем кнопку &quot;Показать подходящие&quot;" classname="Сценарий: Поиск ноутбука" time="0"/>
  <testcase name="Тогда проверяем что количество товаров равно &quot;12&quot;" classname="Сценарий: Поиск ноутбука" time="0"/>
  <testcase name="И вводим название первого товара в поле поиска" classname="Сценарий: Поиск ноутбука" time="0"/>
  <testcase name="И нажимаем кнопку &quot;Найти&quot; для поиска" classname="Сценарий: Поиск ноутбука" time="0"/>
  <testcase name="Тогда в результатах поиска сравниваем названия товаров" classname="Сценарий: Поиск ноутбука" time="0"/>
  <testcase name="Сценарий: Поиск ноутбука" classname="Сценарий: Поиск ноутбука" time="1.204"/>
  <testcase name="Дано открываем сайт yandex.ru" classname="Сценарий: Поиск планшета" time="0"/>
  <testcase name="Тогда выбираем пункт меню" classname="Сценарий: Поиск планшета" time="0"/>
  <testcase name="Тогда в поле с ценой от вводим значение &quot;20000&quot;" classname="Сценарий: Поиск планшета" time="0"/>
  <testcase name="Тогда в поле с ценой до вводим значение &quot;25000&quot;" classname="Сценарий: Поиск планшета" time="0"/>
  <testcase name="И в блоке Производитель выбираем чекбоксы" classname="Сценарий: Поиск планшета" time="0"/>
  <testcase name="И нажимаем кнопку &quot;Показать подходящие&quot;" classname="Сценарий: Поиск планшета" time="0"/>
  <testcase name="Тогда проверяем что количество товаров равно &quot;12&quot;" classname="Сценарий: Поиск планшета" time="0"/>
  <testcase name="И вводим название первого товара в поле поиска" classname="Сценарий: Поиск планшета" time="0"/>
  <testcase name="И нажимаем кнопку &quot;Найти&quot; для поиска" classname="Сценарий: Поиск планшета" time="0"/>
  <testcase name="Тогда в результатах поиска сравниваем названия товаров" classname="Сценарий: Поиск планшета" time="0"/>
  <testcase name="Сценарий: Поиск планшета" classname="Сценарий: Поиск планшета" time="0.835"/>
</testsuite>